Fecha: 2024-10-25 11:04:13
Para: hola@hello.es
Asunto: Verificación de cuenta
Mensaje: 
Por favor, verifica tu cuenta haciendo clic en este enlace: http://localhost/user_loggin//verificar.php?token=be3e937c883ec2a443ef96b5f5f0ce1c414a661ea7105b242c2c29b678545f6e
_____

Fecha: 2024-10-25 11:05:47
Para: hola@hola.es
Asunto: Recuperación de contraseña
Mensaje: 
Para restablecer tu contraseña, haz click en este enlace: http://localhost/user_loggin//restablecer.php?token=73ef2d27dbccb246f5fa044486ecfcbc1c9c2e2db81dfd5e9a8b8bb37ca0ed58
_____

Fecha: 2024-10-25 12:12:39
Para: ana@anita.es
Asunto: Verificación de cuenta
Mensaje: 
Por favor, verifica tu cuenta haciendo clic en este enlace: http://localhost/user_loggin//verificar.php?token=88c792651f897f4574528a22803b5d9fe8fb7359921e38c39fd47fa4b8f5cedc
_____

Fecha: 2024-10-25 12:13:54
Para: ana@anita.es
Asunto: Recuperación de contraseña
Mensaje: 
Para restablecer tu contraseña, haz click en este enlace: http://localhost/user_loggin//restablecer.php?token=4d27d40e96f10e69e4cc384f176df454069855074ed4c019a259d5f56f9b50ac
_____

Fecha: 2024-11-15 10:44:46
Para: aitorysimon@gmail.com
Asunto: Verificación de cuenta
Mensaje: 
Por favor, verifica tu cuenta haciendo clic en este enlace: http://localhost/user_loggin//verificar.php?token=e3b7c6206703f1536a3a39caf30d1878782dc9d2e6ef5f5b0a8e2dd269966987
_____

Fecha: 2024-11-15 11:11:46
Para: simon@ellimon.com
Asunto: Verificación de cuenta
Mensaje: 
Por favor, verifica tu cuenta haciendo clic en este enlace: http://localhost/Proyecto_Definitivo/index_log.php/verificar.php?token=601635fca1997ae95452c4b8193ead00f765a4e61a0766695aac262f48504d32
_____

Fecha: 2024-11-15 11:14:56
Para: admin@gmail.com
Asunto: Verificación de cuenta
Mensaje: 
Por favor, verifica tu cuenta haciendo clic en este enlace: http://localhost/Proyecto_Definitivo/index_log.php/verificar.php?token=d265c8f82eec6f9fbff3fa95073b88e6964c2687ba9932941181f28eba998950
_____

Fecha: 2024-11-15 11:17:46
Para: hola@hola.es
Asunto: Verificación de cuenta
Mensaje: 
Por favor, verifica tu cuenta haciendo clic en este enlace: http://localhost/user_loggin//verificar.php?token=ebdb456fe7b9afc58160b5b7dd715144c0901a6b30af33aa74257c57470b5d1b
_____

Fecha: 2024-11-15 11:21:41
Para: simonlav94@gmail.com
Asunto: Verificación de cuenta
Mensaje: 
Por favor, verifica tu cuenta haciendo clic en este enlace: http://localhost/user_loggin//verificar.php?token=bc84c91710d7be7efcad499a1a0f2af0c17eedff7692dbfe11635c899fe0873b
_____

Fecha: 2024-11-15 11:28:59
Para: aitorysimon@gmail.com
Asunto: Verificación de cuenta
Mensaje: 
Por favor, verifica tu cuenta haciendo clic en este enlace: http://localhost/user_loggin//verificar.php?token=a28bfe89f2cf16e65d9d192b2f2f6e1c3bce8c47071e16ccd6ff96f99a72f284
_____

Fecha: 2024-11-15 11:29:09
Para: simon@ellimon.com
Asunto: Verificación de cuenta
Mensaje: 
Por favor, verifica tu cuenta haciendo clic en este enlace: http://localhost/user_loggin//verificar.php?token=9974465942722690f0e383d6e283369c349b52c7a53aef1e82b6bc9d3d52faaa
_____

Fecha: 2024-11-15 11:31:58
Para: simonlav94@gmail.com
Asunto: Verificación de cuenta
Mensaje: 
Por favor, verifica tu cuenta haciendo clic en este enlace: http://localhost/Proyecto-Definitivo/index_log.php/verificar.php?token=c87502c1a85b0e4c91472815c918d2c2b7439b176222df9a33f268762ffdb6bc
_____

Fecha: 2024-11-15 11:33:17
Para: hola@hello.es
Asunto: Verificación de cuenta
Mensaje: 
Por favor, verifica tu cuenta haciendo clic en este enlace: http://localhost/Proyecto-Definitivo//verificar.php?token=a0f6e3955a41c4299482388e4def1892e2f0c6c4f8dcf857cbbee11573ca73d3
_____

Fecha: 2024-11-15 11:34:25
Para: hola@hello.es
Asunto: Recuperación de contraseña
Mensaje: 
Para restablecer tu contraseña, haz click en este enlace: http://localhost/Proyecto-Definitivo//restablecer.php?token=aaf2849f2f46bf0f3e5d5f55f172760dc4255653ee1b78c48e401786327d7f91
_____

Fecha: 2024-11-15 12:05:46
Para: simon@gmail.com
Asunto: Verificación de cuenta
Mensaje: 
Por favor, verifica tu cuenta haciendo clic en este enlace: http://localhost/Proyecto-Definitivo//verificar.php?token=1eacf47487fce60d5c7ce2de95644a04c624c1987d67b3e019ed9f4120f50182
_____

Fecha: 2024-11-15 12:06:28
Para: simon@gmail.com
Asunto: Recuperación de contraseña
Mensaje: 
Para restablecer tu contraseña, haz click en este enlace: http://localhost/Proyecto-Definitivo//restablecer.php?token=11188e07dcc77cd93a40c9b0f317c5dd42715ddcbf6dcb6c12f68fd4ff956ecd
_____

Fecha: 2024-11-15 12:10:09
Para: pepe@pepe.com
Asunto: Verificación de cuenta
Mensaje: 
Por favor, verifica tu cuenta haciendo clic en este enlace: http://localhost/Proyecto-Definitivo//verificar.php?token=e63033b145740ca67ca60406dada9dd5d3f84b4f3540ef42a5bbb94b7debacbc
_____

Fecha: 2024-11-15 12:10:42
Para: pepe@pepe.com
Asunto: Recuperación de contraseña
Mensaje: 
Para restablecer tu contraseña, haz click en este enlace: http://localhost/Proyecto-Definitivo//restablecer.php?token=cb61186b016f8c5d203686064299d4ffbf09cb7654cd1c0db4f346f9475981a5
_____

Fecha: 2024-11-18 13:38:18
Para: admin@admin.com
Asunto: Verificación de cuenta
Mensaje: 
Por favor, verifica tu cuenta haciendo clic en este enlace: http://localhost/Proyecto-Definitivo//verificar.php?token=9ec6e1eb7cd617269f479abd1bfc5c4c0e89c0e45b47086d683d1751cc1a007f
_____

